0 silly argv { _: [ 'import' ],
0 silly argv   lernaVersion: '3.2.1',
0 silly argv   '$0': 'lerna',
0 silly argv   dir: '../deskpro-messenger' }
1 notice cli v3.2.1
2 verbose rootPath /Users/julien/PhpstormProjects/deskpro-messenger-lerna
3 error Error: Command failed: git rev-parse HEAD
3 error fatal: ambiguous argument 'HEAD': unknown revision or path not in the working tree.
3 error Use '--' to separate paths from revisions, like this:
3 error 'git <command> [<revision>...] -- [<file>...]'
3 error
3 error HEAD
3 error
3 error     at makeError (/Users/julien/.nvm/versions/node/v8.11.1/lib/node_modules/lerna/node_modules/execa/index.js:172:9)
3 error     at Function.module.exports.sync (/Users/julien/.nvm/versions/node/v8.11.1/lib/node_modules/lerna/node_modules/execa/index.js:341:15)
3 error     at Object.execSync (/Users/julien/.nvm/versions/node/v8.11.1/lib/node_modules/lerna/node_modules/@lerna/child-process/index.js:22:16)
3 error     at ImportCommand.getCurrentSHA (/Users/julien/.nvm/versions/node/v8.11.1/lib/node_modules/lerna/node_modules/@lerna/import/index.js:118:34)
3 error     at ImportCommand.initialize (/Users/julien/.nvm/versions/node/v8.11.1/lib/node_modules/lerna/node_modules/@lerna/import/index.js:90:31)
3 error     at Promise.resolve.then (/Users/julien/.nvm/versions/node/v8.11.1/lib/node_modules/lerna/node_modules/@lerna/command/index.js:245:24)
3 error     at <anonymous>
